[2016-09-19 10:02:02] local.ERROR: exception 'Symfony\Component\Console\Exception\CommandNotFoundException' with message 'Command "dump-autoload" is not defined.' in E:\DATA\Src\Catcom\USport\Root\usport.vn\vendor\symfony\console\Application.php:515
Stack trace:
#0 E:\DATA\Src\Catcom\USport\Root\usport.vn\vendor\symfony\console\Application.php(183): Symfony\Component\Console\Application->find('dump-autoload')
#1 E:\DATA\Src\Catcom\USport\Root\usport.vn\vendor\symfony\console\Application.php(117): Symfony\Component\Console\Application->doRun(Object(Symfony\Component\Console\Input\ArgvInput), Object(Symfony\Component\Console\Output\ConsoleOutput))
#2 E:\DATA\Src\Catcom\USport\Root\usport.vn\vendor\laravel\framework\src\Illuminate\Foundation\Console\Kernel.php(107): Symfony\Component\Console\Application->run(Object(Symfony\Component\Console\Input\ArgvInput), Object(Symfony\Component\Console\Output\ConsoleOutput))
#3 E:\DATA\Src\Catcom\USport\Root\usport.vn\artisan(36): Illuminate\Foundation\Console\Kernel->handle(Object(Symfony\Component\Console\Input\ArgvInput), Object(Symfony\Component\Console\Output\ConsoleOutput))
#4 {main}  
[2016-09-19 14:39:14] local.ERROR: exception 'ReflectionException' with message 'Class view does not exist' in E:\DATA\Src\Catcom\USport\Root\usport.vn\vendor\laravel\framework\src\Illuminate\Container\Container.php:734
Stack trace:
#0 E:\DATA\Src\Catcom\USport\Root\usport.vn\vendor\laravel\framework\src\Illuminate\Container\Container.php(734): ReflectionClass->__construct('view')
#1 E:\DATA\Src\Catcom\USport\Root\usport.vn\vendor\laravel\framework\src\Illuminate\Container\Container.php(629): Illuminate\Container\Container->build('view', Array)
#2 E:\DATA\Src\Catcom\USport\Root\usport.vn\vendor\laravel\framework\src\Illuminate\Foundation\Application.php(709): Illuminate\Container\Container->make('view', Array)
#3 E:\DATA\Src\Catcom\USport\Root\usport.vn\vendor\laravel\framework\src\Illuminate\Foundation\helpers.php(106): Illuminate\Foundation\Application->make('Illuminate\\Cont...', Array)
#4 E:\DATA\Src\Catcom\USport\Root\usport.vn\vendor\laravel\framework\src\Illuminate\Foundation\helpers.php(849): app('Illuminate\\Cont...')
#5 E:\DATA\Src\Catcom\USport\Root\usport.vn\vendor\laravel\framework\src\Illuminate\Foundation\Exceptions\Handler.php(199): view()
#6 E:\DATA\Src\Catcom\USport\Root\usport.vn\vendor\laravel\framework\src\Illuminate\Foundation\Exceptions\Handler.php(153): Illuminate\Foundation\Exceptions\Handler->renderHttpException(Object(Symfony\Component\HttpKernel\Exception\NotFoundHttpException))
#7 E:\DATA\Src\Catcom\USport\Root\usport.vn\vendor\laravel\framework\src\Illuminate\Foundation\Exceptions\Handler.php(140): Illuminate\Foundation\Exceptions\Handler->prepareResponse(Object(Illuminate\Http\Request), Object(Symfony\Component\HttpKernel\Exception\NotFoundHttpException))
#8 E:\DATA\Src\Catcom\USport\Root\usport.vn\app\Exceptions\Handler.php(48): Illuminate\Foundation\Exceptions\Handler->render(Object(Illuminate\Http\Request), Object(Symfony\Component\HttpKernel\Exception\NotFoundHttpException))
#9 E:\DATA\Src\Catcom\USport\Root\usport.vn\vendor\laravel\framework\src\Illuminate\Routing\Pipeline.php(81): App\Exceptions\Handler->render(Object(Illuminate\Http\Request), Object(Symfony\Component\HttpKernel\Exception\NotFoundHttpException))
#10 E:\DATA\Src\Catcom\USport\Root\usport.vn\vendor\laravel\framework\src\Illuminate\Routing\Pipeline.php(55): Illuminate\Routing\Pipeline->handleException(Object(Illuminate\Http\Request), Object(Symfony\Component\HttpKernel\Exception\NotFoundHttpException))
#11 E:\DATA\Src\Catcom\USport\Root\usport.vn\vendor\laravel\framework\src\Illuminate\Foundation\Http\Middleware\CheckForMaintenanceMode.php(46): Illuminate\Routing\Pipeline->Illuminate\Routing\{closure}(Object(Illuminate\Http\Request))
#12 E:\DATA\Src\Catcom\USport\Root\usport.vn\vendor\laravel\framework\src\Illuminate\Pipeline\Pipeline.php(137): Illuminate\Foundation\Http\Middleware\CheckForMaintenanceMode->handle(Object(Illuminate\Http\Request), Object(Closure))
#13 E:\DATA\Src\Catcom\USport\Root\usport.vn\vendor\laravel\framework\src\Illuminate\Routing\Pipeline.php(33): Illuminate\Pipeline\Pipeline->Illuminate\Pipeline\{closure}(Object(Illuminate\Http\Request))
#14 E:\DATA\Src\Catcom\USport\Root\usport.vn\vendor\laravel\framework\src\Illuminate\Pipeline\Pipeline.php(104): Illuminate\Routing\Pipeline->Illuminate\Routing\{closure}(Object(Illuminate\Http\Request))
#15 E:\DATA\Src\Catcom\USport\Root\usport.vn\vendor\laravel\framework\src\Illuminate\Foundation\Http\Kernel.php(149): Illuminate\Pipeline\Pipeline->then(Object(Closure))
#16 E:\DATA\Src\Catcom\USport\Root\usport.vn\vendor\laravel\framework\src\Illuminate\Foundation\Http\Kernel.php(116): Illuminate\Foundation\Http\Kernel->sendRequestThroughRouter(Object(Illuminate\Http\Request))
#17 E:\DATA\Src\Catcom\USport\Root\usport.vn\public\index.php(51): Illuminate\Foundation\Http\Kernel->handle(Object(Illuminate\Http\Request))
#18 {main}  
[2016-09-19 14:39:33] local.ERROR: exception 'ErrorException' with message 'Declaration of App\Providers\EventServiceProvider::boot() should be compatible with Illuminate\Foundation\Support\Providers\EventServiceProvider::boot()' in E:\DATA\Src\Catcom\USport\Root\usport.vn\app\Providers\EventServiceProvider.php:9
Stack trace:
#0 E:\DATA\Src\Catcom\USport\Root\usport.vn\app\Providers\EventServiceProvider.php(9): Illuminate\Foundation\Bootstrap\HandleExceptions->handleError(2048, 'Declaration of ...', 'E:\\DATA\\Src\\Cat...', 9, Array)
#1 E:\DATA\Src\Catcom\USport\Root\usport.vn\vendor\composer\ClassLoader.php(412): include('E:\\DATA\\Src\\Cat...')
#2 E:\DATA\Src\Catcom\USport\Root\usport.vn\vendor\composer\ClassLoader.php(301): Composer\Autoload\includeFile('E:\\DATA\\Src\\Cat...')
#3 [internal function]: Composer\Autoload\ClassLoader->loadClass('App\\Providers\\E...')
#4 E:\DATA\Src\Catcom\USport\Root\usport.vn\vendor\laravel\framework\src\Illuminate\Foundation\ProviderRepository.php(146): spl_autoload_call('App\\Providers\\E...')
#5 E:\DATA\Src\Catcom\USport\Root\usport.vn\vendor\laravel\framework\src\Illuminate\Foundation\ProviderRepository.php(114): Illuminate\Foundation\ProviderRepository->createProvider('App\\Providers\\E...')
#6 E:\DATA\Src\Catcom\USport\Root\usport.vn\vendor\laravel\framework\src\Illuminate\Foundation\ProviderRepository.php(60): Illuminate\Foundation\ProviderRepository->compileManifest(Array)
#7 E:\DATA\Src\Catcom\USport\Root\usport.vn\vendor\laravel\framework\src\Illuminate\Foundation\Application.php(540): Illuminate\Foundation\ProviderRepository->load(Array)
#8 E:\DATA\Src\Catcom\USport\Root\usport.vn\vendor\laravel\framework\src\Illuminate\Foundation\Bootstrap\RegisterProviders.php(17): Illuminate\Foundation\Application->registerConfiguredProviders()
#9 E:\DATA\Src\Catcom\USport\Root\usport.vn\vendor\laravel\framework\src\Illuminate\Foundation\Application.php(203): Illuminate\Foundation\Bootstrap\RegisterProviders->bootstrap(Object(Illuminate\Foundation\Application))
#10 E:\DATA\Src\Catcom\USport\Root\usport.vn\vendor\laravel\framework\src\Illuminate\Foundation\Http\Kernel.php(253): Illuminate\Foundation\Application->bootstrapWith(Array)
#11 E:\DATA\Src\Catcom\USport\Root\usport.vn\vendor\laravel\framework\src\Illuminate\Foundation\Http\Kernel.php(144): Illuminate\Foundation\Http\Kernel->bootstrap()
#12 E:\DATA\Src\Catcom\USport\Root\usport.vn\vendor\laravel\framework\src\Illuminate\Foundation\Http\Kernel.php(116): Illuminate\Foundation\Http\Kernel->sendRequestThroughRouter(Object(Illuminate\Http\Request))
#13 E:\DATA\Src\Catcom\USport\Root\usport.vn\public\index.php(51): Illuminate\Foundation\Http\Kernel->handle(Object(Illuminate\Http\Request))
#14 {main}  
[2016-09-19 14:42:31] local.ERROR: exception 'ErrorException' with message 'Declaration of App\Providers\EventServiceProvider::boot() should be compatible with Illuminate\Foundation\Support\Providers\EventServiceProvider::boot()' in E:\DATA\Src\Catcom\USport\Root\usport.vn\app\Providers\EventServiceProvider.php:9
Stack trace:
#0 E:\DATA\Src\Catcom\USport\Root\usport.vn\app\Providers\EventServiceProvider.php(9): Illuminate\Foundation\Bootstrap\HandleExceptions->handleError(2048, 'Declaration of ...', 'E:\\DATA\\Src\\Cat...', 9, Array)
#1 E:\DATA\Src\Catcom\USport\Root\usport.vn\vendor\composer\ClassLoader.php(412): include('E:\\DATA\\Src\\Cat...')
#2 E:\DATA\Src\Catcom\USport\Root\usport.vn\vendor\composer\ClassLoader.php(301): Composer\Autoload\includeFile('E:\\DATA\\Src\\Cat...')
#3 [internal function]: Composer\Autoload\ClassLoader->loadClass('App\\Providers\\E...')
#4 E:\DATA\Src\Catcom\USport\Root\usport.vn\vendor\laravel\framework\src\Illuminate\Foundation\ProviderRepository.php(146): spl_autoload_call('App\\Providers\\E...')
#5 E:\DATA\Src\Catcom\USport\Root\usport.vn\vendor\laravel\framework\src\Illuminate\Foundation\ProviderRepository.php(114): Illuminate\Foundation\ProviderRepository->createProvider('App\\Providers\\E...')
#6 E:\DATA\Src\Catcom\USport\Root\usport.vn\vendor\laravel\framework\src\Illuminate\Foundation\ProviderRepository.php(60): Illuminate\Foundation\ProviderRepository->compileManifest(Array)
#7 E:\DATA\Src\Catcom\USport\Root\usport.vn\vendor\laravel\framework\src\Illuminate\Foundation\Application.php(540): Illuminate\Foundation\ProviderRepository->load(Array)
#8 E:\DATA\Src\Catcom\USport\Root\usport.vn\vendor\laravel\framework\src\Illuminate\Foundation\Bootstrap\RegisterProviders.php(17): Illuminate\Foundation\Application->registerConfiguredProviders()
#9 E:\DATA\Src\Catcom\USport\Root\usport.vn\vendor\laravel\framework\src\Illuminate\Foundation\Application.php(203): Illuminate\Foundation\Bootstrap\RegisterProviders->bootstrap(Object(Illuminate\Foundation\Application))
#10 E:\DATA\Src\Catcom\USport\Root\usport.vn\vendor\laravel\framework\src\Illuminate\Foundation\Http\Kernel.php(253): Illuminate\Foundation\Application->bootstrapWith(Array)
#11 E:\DATA\Src\Catcom\USport\Root\usport.vn\vendor\laravel\framework\src\Illuminate\Foundation\Http\Kernel.php(144): Illuminate\Foundation\Http\Kernel->bootstrap()
#12 E:\DATA\Src\Catcom\USport\Root\usport.vn\vendor\laravel\framework\src\Illuminate\Foundation\Http\Kernel.php(116): Illuminate\Foundation\Http\Kernel->sendRequestThroughRouter(Object(Illuminate\Http\Request))
#13 E:\DATA\Src\Catcom\USport\Root\usport.vn\public\index.php(51): Illuminate\Foundation\Http\Kernel->handle(Object(Illuminate\Http\Request))
#14 {main}  
[2016-09-19 14:45:09] local.ERROR: exception 'ErrorException' with message 'Declaration of App\Providers\EventServiceProvider::boot() should be compatible with Illuminate\Foundation\Support\Providers\EventServiceProvider::boot()' in E:\DATA\Src\Catcom\USport\Root\usport.vn\app\Providers\EventServiceProvider.php:9
Stack trace:
#0 E:\DATA\Src\Catcom\USport\Root\usport.vn\app\Providers\EventServiceProvider.php(9): Illuminate\Foundation\Bootstrap\HandleExceptions->handleError(2048, 'Declaration of ...', 'E:\\DATA\\Src\\Cat...', 9, Array)
#1 E:\DATA\Src\Catcom\USport\Root\usport.vn\vendor\composer\ClassLoader.php(412): include('E:\\DATA\\Src\\Cat...')
#2 E:\DATA\Src\Catcom\USport\Root\usport.vn\vendor\composer\ClassLoader.php(301): Composer\Autoload\includeFile('E:\\DATA\\Src\\Cat...')
#3 [internal function]: Composer\Autoload\ClassLoader->loadClass('App\\Providers\\E...')
#4 E:\DATA\Src\Catcom\USport\Root\usport.vn\vendor\laravel\framework\src\Illuminate\Foundation\ProviderRepository.php(146): spl_autoload_call('App\\Providers\\E...')
#5 E:\DATA\Src\Catcom\USport\Root\usport.vn\vendor\laravel\framework\src\Illuminate\Foundation\ProviderRepository.php(114): Illuminate\Foundation\ProviderRepository->createProvider('App\\Providers\\E...')
#6 E:\DATA\Src\Catcom\USport\Root\usport.vn\vendor\laravel\framework\src\Illuminate\Foundation\ProviderRepository.php(60): Illuminate\Foundation\ProviderRepository->compileManifest(Array)
#7 E:\DATA\Src\Catcom\USport\Root\usport.vn\vendor\laravel\framework\src\Illuminate\Foundation\Application.php(540): Illuminate\Foundation\ProviderRepository->load(Array)
#8 E:\DATA\Src\Catcom\USport\Root\usport.vn\vendor\laravel\framework\src\Illuminate\Foundation\Bootstrap\RegisterProviders.php(17): Illuminate\Foundation\Application->registerConfiguredProviders()
#9 E:\DATA\Src\Catcom\USport\Root\usport.vn\vendor\laravel\framework\src\Illuminate\Foundation\Application.php(203): Illuminate\Foundation\Bootstrap\RegisterProviders->bootstrap(Object(Illuminate\Foundation\Application))
#10 E:\DATA\Src\Catcom\USport\Root\usport.vn\vendor\laravel\framework\src\Illuminate\Foundation\Http\Kernel.php(253): Illuminate\Foundation\Application->bootstrapWith(Array)
#11 E:\DATA\Src\Catcom\USport\Root\usport.vn\vendor\laravel\framework\src\Illuminate\Foundation\Http\Kernel.php(144): Illuminate\Foundation\Http\Kernel->bootstrap()
#12 E:\DATA\Src\Catcom\USport\Root\usport.vn\vendor\laravel\framework\src\Illuminate\Foundation\Http\Kernel.php(116): Illuminate\Foundation\Http\Kernel->sendRequestThroughRouter(Object(Illuminate\Http\Request))
#13 E:\DATA\Src\Catcom\USport\Root\usport.vn\public\index.php(51): Illuminate\Foundation\Http\Kernel->handle(Object(Illuminate\Http\Request))
#14 {main}  
[2016-09-19 15:07:52] local.ERROR: exception 'ErrorException' with message 'Declaration of App\Providers\RouteServiceProvider::boot() should be compatible with Illuminate\Foundation\Support\Providers\RouteServiceProvider::boot()' in E:\DATA\Src\Catcom\USport\Root\usport.vn\app\Providers\RouteServiceProvider.php:9
Stack trace:
#0 E:\DATA\Src\Catcom\USport\Root\usport.vn\app\Providers\RouteServiceProvider.php(9): Illuminate\Foundation\Bootstrap\HandleExceptions->handleError(2048, 'Declaration of ...', 'E:\\DATA\\Src\\Cat...', 9, Array)
#1 E:\DATA\Src\Catcom\USport\Root\usport.vn\vendor\composer\ClassLoader.php(412): include('E:\\DATA\\Src\\Cat...')
#2 E:\DATA\Src\Catcom\USport\Root\usport.vn\vendor\composer\ClassLoader.php(301): Composer\Autoload\includeFile('E:\\DATA\\Src\\Cat...')
#3 [internal function]: Composer\Autoload\ClassLoader->loadClass('App\\Providers\\R...')
#4 E:\DATA\Src\Catcom\USport\Root\usport.vn\vendor\laravel\framework\src\Illuminate\Foundation\ProviderRepository.php(146): spl_autoload_call('App\\Providers\\R...')
#5 E:\DATA\Src\Catcom\USport\Root\usport.vn\vendor\laravel\framework\src\Illuminate\Foundation\ProviderRepository.php(114): Illuminate\Foundation\ProviderRepository->createProvider('App\\Providers\\R...')
#6 E:\DATA\Src\Catcom\USport\Root\usport.vn\vendor\laravel\framework\src\Illuminate\Foundation\ProviderRepository.php(60): Illuminate\Foundation\ProviderRepository->compileManifest(Array)
#7 E:\DATA\Src\Catcom\USport\Root\usport.vn\vendor\laravel\framework\src\Illuminate\Foundation\Application.php(540): Illuminate\Foundation\ProviderRepository->load(Array)
#8 E:\DATA\Src\Catcom\USport\Root\usport.vn\vendor\laravel\framework\src\Illuminate\Foundation\Bootstrap\RegisterProviders.php(17): Illuminate\Foundation\Application->registerConfiguredProviders()
#9 E:\DATA\Src\Catcom\USport\Root\usport.vn\vendor\laravel\framework\src\Illuminate\Foundation\Application.php(203): Illuminate\Foundation\Bootstrap\RegisterProviders->bootstrap(Object(Illuminate\Foundation\Application))
#10 E:\DATA\Src\Catcom\USport\Root\usport.vn\vendor\laravel\framework\src\Illuminate\Foundation\Http\Kernel.php(253): Illuminate\Foundation\Application->bootstrapWith(Array)
#11 E:\DATA\Src\Catcom\USport\Root\usport.vn\vendor\laravel\framework\src\Illuminate\Foundation\Http\Kernel.php(144): Illuminate\Foundation\Http\Kernel->bootstrap()
#12 E:\DATA\Src\Catcom\USport\Root\usport.vn\vendor\laravel\framework\src\Illuminate\Foundation\Http\Kernel.php(116): Illuminate\Foundation\Http\Kernel->sendRequestThroughRouter(Object(Illuminate\Http\Request))
#13 E:\DATA\Src\Catcom\USport\Root\usport.vn\public\index.php(51): Illuminate\Foundation\Http\Kernel->handle(Object(Illuminate\Http\Request))
#14 {main}  
[2016-09-19 15:10:51] local.ERROR: exception 'ErrorException' with message 'Declaration of App\Providers\EventServiceProvider::boot() should be compatible with Illuminate\Foundation\Support\Providers\EventServiceProvider::boot()' in E:\DATA\Src\Catcom\USport\Root\usport.vn\app\Providers\EventServiceProvider.php:9
Stack trace:
#0 E:\DATA\Src\Catcom\USport\Root\usport.vn\app\Providers\EventServiceProvider.php(9): Illuminate\Foundation\Bootstrap\HandleExceptions->handleError(2048, 'Declaration of ...', 'E:\\DATA\\Src\\Cat...', 9, Array)
#1 E:\DATA\Src\Catcom\USport\Root\usport.vn\vendor\composer\ClassLoader.php(412): include('E:\\DATA\\Src\\Cat...')
#2 E:\DATA\Src\Catcom\USport\Root\usport.vn\vendor\composer\ClassLoader.php(301): Composer\Autoload\includeFile('E:\\DATA\\Src\\Cat...')
#3 [internal function]: Composer\Autoload\ClassLoader->loadClass('App\\Providers\\E...')
#4 E:\DATA\Src\Catcom\USport\Root\usport.vn\vendor\laravel\framework\src\Illuminate\Foundation\ProviderRepository.php(146): spl_autoload_call('App\\Providers\\E...')
#5 E:\DATA\Src\Catcom\USport\Root\usport.vn\vendor\laravel\framework\src\Illuminate\Foundation\ProviderRepository.php(74): Illuminate\Foundation\ProviderRepository->createProvider('App\\Providers\\E...')
#6 E:\DATA\Src\Catcom\USport\Root\usport.vn\vendor\laravel\framework\src\Illuminate\Foundation\Application.php(540): Illuminate\Foundation\ProviderRepository->load(Array)
#7 E:\DATA\Src\Catcom\USport\Root\usport.vn\vendor\laravel\framework\src\Illuminate\Foundation\Bootstrap\RegisterProviders.php(17): Illuminate\Foundation\Application->registerConfiguredProviders()
#8 E:\DATA\Src\Catcom\USport\Root\usport.vn\vendor\laravel\framework\src\Illuminate\Foundation\Application.php(203): Illuminate\Foundation\Bootstrap\RegisterProviders->bootstrap(Object(Illuminate\Foundation\Application))
#9 E:\DATA\Src\Catcom\USport\Root\usport.vn\vendor\laravel\framework\src\Illuminate\Foundation\Console\Kernel.php(262): Illuminate\Foundation\Application->bootstrapWith(Array)
#10 E:\DATA\Src\Catcom\USport\Root\usport.vn\vendor\laravel\framework\src\Illuminate\Foundation\Console\Kernel.php(114): Illuminate\Foundation\Console\Kernel->bootstrap()
#11 E:\DATA\Src\Catcom\USport\Root\usport.vn\artisan(36): Illuminate\Foundation\Console\Kernel->handle(Object(Symfony\Component\Console\Input\ArgvInput), Object(Symfony\Component\Console\Output\ConsoleOutput))
#12 {main}  
[2016-09-19 15:11:19] local.ERROR: exception 'ErrorException' with message 'Declaration of App\Providers\EventServiceProvider::boot() should be compatible with Illuminate\Foundation\Support\Providers\EventServiceProvider::boot()' in E:\DATA\Src\Catcom\USport\Root\usport.vn\app\Providers\EventServiceProvider.php:9
Stack trace:
#0 E:\DATA\Src\Catcom\USport\Root\usport.vn\app\Providers\EventServiceProvider.php(9): Illuminate\Foundation\Bootstrap\HandleExceptions->handleError(2048, 'Declaration of ...', 'E:\\DATA\\Src\\Cat...', 9, Array)
#1 E:\DATA\Src\Catcom\USport\Root\usport.vn\vendor\composer\ClassLoader.php(412): include('E:\\DATA\\Src\\Cat...')
#2 E:\DATA\Src\Catcom\USport\Root\usport.vn\vendor\composer\ClassLoader.php(301): Composer\Autoload\includeFile('E:\\DATA\\Src\\Cat...')
#3 [internal function]: Composer\Autoload\ClassLoader->loadClass('App\\Providers\\E...')
#4 E:\DATA\Src\Catcom\USport\Root\usport.vn\vendor\laravel\framework\src\Illuminate\Foundation\ProviderRepository.php(146): spl_autoload_call('App\\Providers\\E...')
#5 E:\DATA\Src\Catcom\USport\Root\usport.vn\vendor\laravel\framework\src\Illuminate\Foundation\ProviderRepository.php(74): Illuminate\Foundation\ProviderRepository->createProvider('App\\Providers\\E...')
#6 E:\DATA\Src\Catcom\USport\Root\usport.vn\vendor\laravel\framework\src\Illuminate\Foundation\Application.php(540): Illuminate\Foundation\ProviderRepository->load(Array)
#7 E:\DATA\Src\Catcom\USport\Root\usport.vn\vendor\laravel\framework\src\Illuminate\Foundation\Bootstrap\RegisterProviders.php(17): Illuminate\Foundation\Application->registerConfiguredProviders()
#8 E:\DATA\Src\Catcom\USport\Root\usport.vn\vendor\laravel\framework\src\Illuminate\Foundation\Application.php(203): Illuminate\Foundation\Bootstrap\RegisterProviders->bootstrap(Object(Illuminate\Foundation\Application))
#9 E:\DATA\Src\Catcom\USport\Root\usport.vn\vendor\laravel\framework\src\Illuminate\Foundation\Console\Kernel.php(262): Illuminate\Foundation\Application->bootstrapWith(Array)
#10 E:\DATA\Src\Catcom\USport\Root\usport.vn\vendor\laravel\framework\src\Illuminate\Foundation\Console\Kernel.php(114): Illuminate\Foundation\Console\Kernel->bootstrap()
#11 E:\DATA\Src\Catcom\USport\Root\usport.vn\artisan(36): Illuminate\Foundation\Console\Kernel->handle(Object(Symfony\Component\Console\Input\ArgvInput), Object(Symfony\Component\Console\Output\ConsoleOutput))
#12 {main}  
[2016-09-19 15:17:52] local.ERROR: exception 'RuntimeException' with message 'No supported encrypter found. The cipher and / or key length are invalid.' in E:\DATA\Src\Catcom\USport\Root\usport.vn\vendor\laravel\framework\src\Illuminate\Encryption\EncryptionServiceProvider.php:29
Stack trace:
#0 E:\DATA\Src\Catcom\USport\Root\usport.vn\vendor\laravel\framework\src\Illuminate\Container\Container.php(733): Illuminate\Encryption\EncryptionServiceProvider->Illuminate\Encryption\{closure}(Object(Illuminate\Foundation\Application), Array)
#1 E:\DATA\Src\Catcom\USport\Root\usport.vn\vendor\laravel\framework\src\Illuminate\Container\Container.php(631): Illuminate\Container\Container->build(Object(Closure), Array)
#2 E:\DATA\Src\Catcom\USport\Root\usport.vn\vendor\laravel\framework\src\Illuminate\Foundation\Application.php(674): Illuminate\Container\Container->make('encrypter', Array)
#3 E:\DATA\Src\Catcom\USport\Root\usport.vn\vendor\laravel\framework\src\Illuminate\Container\Container.php(845): Illuminate\Foundation\Application->make('Illuminate\\Cont...')
#4 E:\DATA\Src\Catcom\USport\Root\usport.vn\vendor\laravel\framework\src\Illuminate\Container\Container.php(800): Illuminate\Container\Container->resolveClass(Object(ReflectionParameter))
#5 E:\DATA\Src\Catcom\USport\Root\usport.vn\vendor\laravel\framework\src\Illuminate\Container\Container.php(771): Illuminate\Container\Container->getDependencies(Array, Array)
#6 E:\DATA\Src\Catcom\USport\Root\usport.vn\vendor\laravel\framework\src\Illuminate\Container\Container.php(631): Illuminate\Container\Container->build('App\\Http\\Middle...', Array)
#7 E:\DATA\Src\Catcom\USport\Root\usport.vn\vendor\laravel\framework\src\Illuminate\Foundation\Application.php(674): Illuminate\Container\Container->make('App\\Http\\Middle...', Array)
#8 E:\DATA\Src\Catcom\USport\Root\usport.vn\vendor\laravel\framework\src\Illuminate\Pipeline\Pipeline.php(123): Illuminate\Foundation\Application->make('App\\Http\\Middle...')
#9 [internal function]: Illuminate\Pipeline\Pipeline->Illuminate\Pipeline\{closure}(Object(Illuminate\Http\Request))
#10 E:\DATA\Src\Catcom\USport\Root\usport.vn\vendor\laravel\framework\src\Illuminate\Routing\Pipeline.php(30): call_user_func(Object(Closure), Object(Illuminate\Http\Request))
#11 [internal function]: Illuminate\Routing\Pipeline->Illuminate\Routing\{closure}(Object(Illuminate\Http\Request))
#12 E:\DATA\Src\Catcom\USport\Root\usport.vn\vendor\laravel\framework\src\Illuminate\Pipeline\Pipeline.php(103): call_user_func(Object(Closure), Object(Illuminate\Http\Request))
#13 E:\DATA\Src\Catcom\USport\Root\usport.vn\vendor\laravel\framework\src\Illuminate\Routing\Router.php(705): Illuminate\Pipeline\Pipeline->then(Object(Closure))
#14 E:\DATA\Src\Catcom\USport\Root\usport.vn\vendor\laravel\framework\src\Illuminate\Routing\Router.php(678): Illuminate\Routing\Router->runRouteWithinStack(Object(Illuminate\Routing\Route), Object(Illuminate\Http\Request))
#15 E:\DATA\Src\Catcom\USport\Root\usport.vn\vendor\laravel\framework\src\Illuminate\Routing\Router.php(654): Illuminate\Routing\Router->dispatchToRoute(Object(Illuminate\Http\Request))
#16 E:\DATA\Src\Catcom\USport\Root\usport.vn\vendor\laravel\framework\src\Illuminate\Foundation\Http\Kernel.php(246): Illuminate\Routing\Router->dispatch(Object(Illuminate\Http\Request))
#17 [internal function]: Illuminate\Foundation\Http\Kernel->Illuminate\Foundation\Http\{closure}(Object(Illuminate\Http\Request))
#18 E:\DATA\Src\Catcom\USport\Root\usport.vn\vendor\laravel\framework\src\Illuminate\Pipeline\Pipeline.php(139): call_user_func(Object(Closure), Object(Illuminate\Http\Request))
#19 E:\DATA\Src\Catcom\USport\Root\usport.vn\vendor\barryvdh\laravel-debugbar\src\Middleware\Debugbar.php(49): Illuminate\Pipeline\Pipeline->Illuminate\Pipeline\{closure}(Object(Illuminate\Http\Request))
#20 [internal function]: Barryvdh\Debugbar\Middleware\Debugbar->handle(Object(Illuminate\Http\Request), Object(Closure))
#21 E:\DATA\Src\Catcom\USport\Root\usport.vn\vendor\laravel\framework\src\Illuminate\Pipeline\Pipeline.php(124): call_user_func_array(Array, Array)
#22 E:\DATA\Src\Catcom\USport\Root\usport.vn\vendor\laravel\framework\src\Illuminate\Foundation\Http\Middleware\CheckForMaintenanceMode.php(44): Illuminate\Pipeline\Pipeline->Illuminate\Pipeline\{closure}(Object(Illuminate\Http\Request))
#23 [internal function]: Illuminate\Foundation\Http\Middleware\CheckForMaintenanceMode->handle(Object(Illuminate\Http\Request), Object(Closure))
#24 E:\DATA\Src\Catcom\USport\Root\usport.vn\vendor\laravel\framework\src\Illuminate\Pipeline\Pipeline.php(124): call_user_func_array(Array, Array)
#25 [internal function]: Illuminate\Pipeline\Pipeline->Illuminate\Pipeline\{closure}(Object(Illuminate\Http\Request))
#26 E:\DATA\Src\Catcom\USport\Root\usport.vn\vendor\laravel\framework\src\Illuminate\Pipeline\Pipeline.php(103): call_user_func(Object(Closure), Object(Illuminate\Http\Request))
#27 E:\DATA\Src\Catcom\USport\Root\usport.vn\vendor\laravel\framework\src\Illuminate\Foundation\Http\Kernel.php(132): Illuminate\Pipeline\Pipeline->then(Object(Closure))
#28 E:\DATA\Src\Catcom\USport\Root\usport.vn\vendor\laravel\framework\src\Illuminate\Foundation\Http\Kernel.php(99): Illuminate\Foundation\Http\Kernel->sendRequestThroughRouter(Object(Illuminate\Http\Request))
#29 E:\DATA\Src\Catcom\USport\Root\usport.vn\public\index.php(51): Illuminate\Foundation\Http\Kernel->handle(Object(Illuminate\Http\Request))
#30 {main}  
[2016-09-19 15:17:53] local.ERROR: exception 'RuntimeException' with message 'No supported encrypter found. The cipher and / or key length are invalid.' in E:\DATA\Src\Catcom\USport\Root\usport.vn\vendor\laravel\framework\src\Illuminate\Encryption\EncryptionServiceProvider.php:29
Stack trace:
#0 E:\DATA\Src\Catcom\USport\Root\usport.vn\vendor\laravel\framework\src\Illuminate\Container\Container.php(733): Illuminate\Encryption\EncryptionServiceProvider->Illuminate\Encryption\{closure}(Object(Illuminate\Foundation\Application), Array)
#1 E:\DATA\Src\Catcom\USport\Root\usport.vn\vendor\laravel\framework\src\Illuminate\Container\Container.php(631): Illuminate\Container\Container->build(Object(Closure), Array)
#2 E:\DATA\Src\Catcom\USport\Root\usport.vn\vendor\laravel\framework\src\Illuminate\Foundation\Application.php(674): Illuminate\Container\Container->make('encrypter', Array)
#3 E:\DATA\Src\Catcom\USport\Root\usport.vn\vendor\laravel\framework\src\Illuminate\Container\Container.php(845): Illuminate\Foundation\Application->make('Illuminate\\Cont...')
#4 E:\DATA\Src\Catcom\USport\Root\usport.vn\vendor\laravel\framework\src\Illuminate\Container\Container.php(800): Illuminate\Container\Container->resolveClass(Object(ReflectionParameter))
#5 E:\DATA\Src\Catcom\USport\Root\usport.vn\vendor\laravel\framework\src\Illuminate\Container\Container.php(771): Illuminate\Container\Container->getDependencies(Array, Array)
#6 E:\DATA\Src\Catcom\USport\Root\usport.vn\vendor\laravel\framework\src\Illuminate\Container\Container.php(631): Illuminate\Container\Container->build('App\\Http\\Middle...', Array)
#7 E:\DATA\Src\Catcom\USport\Root\usport.vn\vendor\laravel\framework\src\Illuminate\Foundation\Application.php(674): Illuminate\Container\Container->make('App\\Http\\Middle...', Array)
#8 E:\DATA\Src\Catcom\USport\Root\usport.vn\vendor\laravel\framework\src\Illuminate\Foundation\Http\Kernel.php(152): Illuminate\Foundation\Application->make('App\\Http\\Middle...')
#9 E:\DATA\Src\Catcom\USport\Root\usport.vn\public\index.php(55): Illuminate\Foundation\Http\Kernel->terminate(Object(Illuminate\Http\Request), Object(Illuminate\Http\Response))
#10 {main}  
[2016-09-19 15:18:11] local.ERROR: exception 'Symfony\Component\Debug\Exception\FatalErrorException' with message 'Trait 'Illuminate\Foundation\Auth\Access\AuthorizesResources' not found' in E:\DATA\Src\Catcom\USport\Root\usport.vn\app\Http\Controllers\Controller.php:13
Stack trace:
#0 {main}  
[2016-09-19 15:18:12] production.ERROR: exception 'RuntimeException' with message 'No supported encrypter found. The cipher and / or key length are invalid.' in E:\DATA\Src\Catcom\USport\Root\usport.vn\vendor\laravel\framework\src\Illuminate\Encryption\EncryptionServiceProvider.php:29
Stack trace:
#0 E:\DATA\Src\Catcom\USport\Root\usport.vn\vendor\laravel\framework\src\Illuminate\Container\Container.php(733): Illuminate\Encryption\EncryptionServiceProvider->Illuminate\Encryption\{closure}(Object(Illuminate\Foundation\Application), Array)
#1 E:\DATA\Src\Catcom\USport\Root\usport.vn\vendor\laravel\framework\src\Illuminate\Container\Container.php(631): Illuminate\Container\Container->build(Object(Closure), Array)
#2 E:\DATA\Src\Catcom\USport\Root\usport.vn\vendor\laravel\framework\src\Illuminate\Foundation\Application.php(674): Illuminate\Container\Container->make('encrypter', Array)
#3 E:\DATA\Src\Catcom\USport\Root\usport.vn\vendor\laravel\framework\src\Illuminate\Container\Container.php(845): Illuminate\Foundation\Application->make('Illuminate\\Cont...')
#4 E:\DATA\Src\Catcom\USport\Root\usport.vn\vendor\laravel\framework\src\Illuminate\Container\Container.php(800): Illuminate\Container\Container->resolveClass(Object(ReflectionParameter))
#5 E:\DATA\Src\Catcom\USport\Root\usport.vn\vendor\laravel\framework\src\Illuminate\Container\Container.php(771): Illuminate\Container\Container->getDependencies(Array, Array)
#6 E:\DATA\Src\Catcom\USport\Root\usport.vn\vendor\laravel\framework\src\Illuminate\Container\Container.php(631): Illuminate\Container\Container->build('App\\Http\\Middle...', Array)
#7 E:\DATA\Src\Catcom\USport\Root\usport.vn\vendor\laravel\framework\src\Illuminate\Foundation\Application.php(674): Illuminate\Container\Container->make('App\\Http\\Middle...', Array)
#8 E:\DATA\Src\Catcom\USport\Root\usport.vn\vendor\laravel\framework\src\Illuminate\Pipeline\Pipeline.php(123): Illuminate\Foundation\Application->make('App\\Http\\Middle...')
#9 [internal function]: Illuminate\Pipeline\Pipeline->Illuminate\Pipeline\{closure}(Object(Illuminate\Http\Request))
#10 E:\DATA\Src\Catcom\USport\Root\usport.vn\vendor\laravel\framework\src\Illuminate\Routing\Pipeline.php(30): call_user_func(Object(Closure), Object(Illuminate\Http\Request))
#11 [internal function]: Illuminate\Routing\Pipeline->Illuminate\Routing\{closure}(Object(Illuminate\Http\Request))
#12 E:\DATA\Src\Catcom\USport\Root\usport.vn\vendor\laravel\framework\src\Illuminate\Pipeline\Pipeline.php(103): call_user_func(Object(Closure), Object(Illuminate\Http\Request))
#13 E:\DATA\Src\Catcom\USport\Root\usport.vn\vendor\laravel\framework\src\Illuminate\Routing\Router.php(705): Illuminate\Pipeline\Pipeline->then(Object(Closure))
#14 E:\DATA\Src\Catcom\USport\Root\usport.vn\vendor\laravel\framework\src\Illuminate\Routing\Router.php(678): Illuminate\Routing\Router->runRouteWithinStack(Object(Illuminate\Routing\Route), Object(Illuminate\Http\Request))
#15 E:\DATA\Src\Catcom\USport\Root\usport.vn\vendor\laravel\framework\src\Illuminate\Routing\Router.php(654): Illuminate\Routing\Router->dispatchToRoute(Object(Illuminate\Http\Request))
#16 E:\DATA\Src\Catcom\USport\Root\usport.vn\vendor\laravel\framework\src\Illuminate\Foundation\Http\Kernel.php(246): Illuminate\Routing\Router->dispatch(Object(Illuminate\Http\Request))
#17 [internal function]: Illuminate\Foundation\Http\Kernel->Illuminate\Foundation\Http\{closure}(Object(Illuminate\Http\Request))
#18 E:\DATA\Src\Catcom\USport\Root\usport.vn\vendor\laravel\framework\src\Illuminate\Pipeline\Pipeline.php(139): call_user_func(Object(Closure), Object(Illuminate\Http\Request))
#19 E:\DATA\Src\Catcom\USport\Root\usport.vn\vendor\laravel\framework\src\Illuminate\Foundation\Http\Middleware\CheckForMaintenanceMode.php(44): Illuminate\Pipeline\Pipeline->Illuminate\Pipeline\{closure}(Object(Illuminate\Http\Request))
#20 [internal function]: Illuminate\Foundation\Http\Middleware\CheckForMaintenanceMode->handle(Object(Illuminate\Http\Request), Object(Closure))
#21 E:\DATA\Src\Catcom\USport\Root\usport.vn\vendor\laravel\framework\src\Illuminate\Pipeline\Pipeline.php(124): call_user_func_array(Array, Array)
#22 [internal function]: Illuminate\Pipeline\Pipeline->Illuminate\Pipeline\{closure}(Object(Illuminate\Http\Request))
#23 E:\DATA\Src\Catcom\USport\Root\usport.vn\vendor\laravel\framework\src\Illuminate\Pipeline\Pipeline.php(103): call_user_func(Object(Closure), Object(Illuminate\Http\Request))
#24 E:\DATA\Src\Catcom\USport\Root\usport.vn\vendor\laravel\framework\src\Illuminate\Foundation\Http\Kernel.php(132): Illuminate\Pipeline\Pipeline->then(Object(Closure))
#25 E:\DATA\Src\Catcom\USport\Root\usport.vn\vendor\laravel\framework\src\Illuminate\Foundation\Http\Kernel.php(99): Illuminate\Foundation\Http\Kernel->sendRequestThroughRouter(Object(Illuminate\Http\Request))
#26 E:\DATA\Src\Catcom\USport\Root\usport.vn\public\index.php(51): Illuminate\Foundation\Http\Kernel->handle(Object(Illuminate\Http\Request))
#27 {main}  
[2016-09-19 15:18:12] production.ERROR: exception 'RuntimeException' with message 'No supported encrypter found. The cipher and / or key length are invalid.' in E:\DATA\Src\Catcom\USport\Root\usport.vn\vendor\laravel\framework\src\Illuminate\Encryption\EncryptionServiceProvider.php:29
Stack trace:
#0 E:\DATA\Src\Catcom\USport\Root\usport.vn\vendor\laravel\framework\src\Illuminate\Container\Container.php(733): Illuminate\Encryption\EncryptionServiceProvider->Illuminate\Encryption\{closure}(Object(Illuminate\Foundation\Application), Array)
#1 E:\DATA\Src\Catcom\USport\Root\usport.vn\vendor\laravel\framework\src\Illuminate\Container\Container.php(631): Illuminate\Container\Container->build(Object(Closure), Array)
#2 E:\DATA\Src\Catcom\USport\Root\usport.vn\vendor\laravel\framework\src\Illuminate\Foundation\Application.php(674): Illuminate\Container\Container->make('encrypter', Array)
#3 E:\DATA\Src\Catcom\USport\Root\usport.vn\vendor\laravel\framework\src\Illuminate\Container\Container.php(845): Illuminate\Foundation\Application->make('Illuminate\\Cont...')
#4 E:\DATA\Src\Catcom\USport\Root\usport.vn\vendor\laravel\framework\src\Illuminate\Container\Container.php(800): Illuminate\Container\Container->resolveClass(Object(ReflectionParameter))
#5 E:\DATA\Src\Catcom\USport\Root\usport.vn\vendor\laravel\framework\src\Illuminate\Container\Container.php(771): Illuminate\Container\Container->getDependencies(Array, Array)
#6 E:\DATA\Src\Catcom\USport\Root\usport.vn\vendor\laravel\framework\src\Illuminate\Container\Container.php(631): Illuminate\Container\Container->build('App\\Http\\Middle...', Array)
#7 E:\DATA\Src\Catcom\USport\Root\usport.vn\vendor\laravel\framework\src\Illuminate\Foundation\Application.php(674): Illuminate\Container\Container->make('App\\Http\\Middle...', Array)
#8 E:\DATA\Src\Catcom\USport\Root\usport.vn\vendor\laravel\framework\src\Illuminate\Foundation\Http\Kernel.php(152): Illuminate\Foundation\Application->make('App\\Http\\Middle...')
#9 E:\DATA\Src\Catcom\USport\Root\usport.vn\public\index.php(55): Illuminate\Foundation\Http\Kernel->terminate(Object(Illuminate\Http\Request), Object(Illuminate\Http\Response))
#10 {main}  
[2016-09-19 15:18:12] production.ERROR: exception 'Symfony\Component\Debug\Exception\FatalErrorException' with message 'Trait 'Illuminate\Foundation\Auth\Access\AuthorizesResources' not found' in E:\DATA\Src\Catcom\USport\Root\usport.vn\app\Http\Controllers\Controller.php:13
Stack trace:
#0 {main}  
[2016-09-19 15:18:12] local.ERROR: exception 'Symfony\Component\Debug\Exception\FatalErrorException' with message 'Trait 'Illuminate\Foundation\Auth\Access\AuthorizesResources' not found' in E:\DATA\Src\Catcom\USport\Root\usport.vn\app\Http\Controllers\Controller.php:13
Stack trace:
#0 {main}  
